{"contracts/component/FundAccount.sol":{"l":{"37":31,"38":1,"40":30,"51":68,"52":68,"64":26,"65":24,"77":58,"78":58,"79":58,"81":58,"92":15,"93":15,"95":15,"109":59,"110":45,"112":14,"123":20,"124":9,"126":11,"127":7,"128":7,"140":12,"142":10,"143":10,"155":16,"157":12,"168":6,"169":6,"180":0,"182":0},"path":"/home/work/workspace/mai-fund-protocol/contracts/component/FundAccount.sol","s":{"1":31,"2":1,"3":30,"4":68,"5":68,"6":26,"7":24,"8":58,"9":58,"10":58,"11":58,"12":15,"13":15,"14":15,"15":59,"16":45,"17":14,"18":20,"19":9,"20":11,"21":7,"22":7,"23":12,"24":10,"25":10,"26":16,"27":12,"28":6,"29":6,"30":0,"31":0},"b":{"1":[1,30],"2":[45,14],"3":[9,11],"4":[7,4],"5":[10,2]},"f":{"1":31,"2":68,"3":26,"4":58,"5":15,"6":59,"7":20,"8":12,"9":16,"10":6,"11":0},"fnMap":{"1":{"name":"_redeemableShareBalance","line":32,"loc":{"start":{"line":32,"column":4},"end":{"line":41,"column":4}}},"2":{"name":"_increaseShareBalance","line":48,"loc":{"start":{"line":48,"column":4},"end":{"line":53,"column":4}}},"3":{"name":"_decreaseShareBalance","line":60,"loc":{"start":{"line":60,"column":4},"end":{"line":66,"column":4}}},"4":{"name":"_mintShareBalance","line":74,"loc":{"start":{"line":74,"column":4},"end":{"line":82,"column":4}}},"5":{"name":"_burnShareBalance","line":89,"loc":{"start":{"line":89,"column":4},"end":{"line":96,"column":4}}},"6":{"name":"_canRedeem","line":104,"loc":{"start":{"line":104,"column":4},"end":{"line":113,"column":4}}},"7":{"name":"_setRedeemingSlippage","line":120,"loc":{"start":{"line":120,"column":4},"end":{"line":129,"column":4}}},"8":{"name":"_increaseRedeemingShareBalance","line":137,"loc":{"start":{"line":137,"column":4},"end":{"line":144,"column":4}}},"9":{"name":"_decreaseRedeemingShareBalance","line":151,"loc":{"start":{"line":151,"column":4},"end":{"line":158,"column":4}}},"10":{"name":"_increaseWithdrawableCollateral","line":165,"loc":{"start":{"line":165,"column":4},"end":{"line":170,"column":4}}},"11":{"name":"_decreaseWithdrawableCollateral","line":177,"loc":{"start":{"line":177,"column":4},"end":{"line":183,"column":4}}}},"statementMap":{"1":{"start":{"line":37,"column":8},"end":{"line":37,"column":1403}},"2":{"start":{"line":38,"column":12},"end":{"line":38,"column":20}},"3":{"start":{"line":40,"column":8},"end":{"line":40,"column":64}},"4":{"start":{"line":51,"column":8},"end":{"line":51,"column":61}},"5":{"start":{"line":52,"column":8},"end":{"line":52,"column":54}},"6":{"start":{"line":64,"column":8},"end":{"line":64,"column":91}},"7":{"start":{"line":65,"column":8},"end":{"line":65,"column":54}},"8":{"start":{"line":77,"column":8},"end":{"line":77,"column":49}},"9":{"start":{"line":78,"column":8},"end":{"line":78,"column":42}},"10":{"start":{"line":79,"column":8},"end":{"line":79,"column":51}},"11":{"start":{"line":81,"column":8},"end":{"line":81,"column":50}},"12":{"start":{"line":92,"column":8},"end":{"line":92,"column":49}},"13":{"start":{"line":93,"column":8},"end":{"line":93,"column":81}},"14":{"start":{"line":95,"column":8},"end":{"line":95,"column":50}},"15":{"start":{"line":109,"column":8},"end":{"line":109,"column":3762}},"16":{"start":{"line":110,"column":12},"end":{"line":110,"column":23}},"17":{"start":{"line":112,"column":8},"end":{"line":112,"column":76}},"18":{"start":{"line":123,"column":8},"end":{"line":123,"column":4234}},"19":{"start":{"line":124,"column":12},"end":{"line":124,"column":18}},"20":{"start":{"line":126,"column":8},"end":{"line":126,"column":89}},"21":{"start":{"line":127,"column":8},"end":{"line":127,"column":45}},"22":{"start":{"line":128,"column":8},"end":{"line":128,"column":51}},"23":{"start":{"line":140,"column":8},"end":{"line":140,"column":91}},"24":{"start":{"line":142,"column":8},"end":{"line":142,"column":79}},"25":{"start":{"line":143,"column":8},"end":{"line":143,"column":63}},"26":{"start":{"line":155,"column":8},"end":{"line":155,"column":5606}},"27":{"start":{"line":157,"column":8},"end":{"line":157,"column":63}},"28":{"start":{"line":168,"column":8},"end":{"line":168,"column":86}},"29":{"start":{"line":169,"column":8},"end":{"line":169,"column":59}},"30":{"start":{"line":180,"column":8},"end":{"line":180,"column":6573}},"31":{"start":{"line":182,"column":8},"end":{"line":182,"column":59}}},"branchMap":{"1":{"line":37,"type":"if","locations":[{"start":{"line":37,"column":8},"end":{"line":37,"column":8}},{"start":{"line":37,"column":8},"end":{"line":37,"column":8}}]},"2":{"line":109,"type":"if","locations":[{"start":{"line":109,"column":8},"end":{"line":109,"column":8}},{"start":{"line":109,"column":8},"end":{"line":109,"column":8}}]},"3":{"line":123,"type":"if","locations":[{"start":{"line":123,"column":8},"end":{"line":123,"column":8}},{"start":{"line":123,"column":8},"end":{"line":123,"column":8}}]},"4":{"line":126,"type":"if","locations":[{"start":{"line":126,"column":8},"end":{"line":126,"column":8}},{"start":{"line":126,"column":8},"end":{"line":126,"column":8}}]},"5":{"line":140,"type":"if","locations":[{"start":{"line":140,"column":8},"end":{"line":140,"column":8}},{"start":{"line":140,"column":8},"end":{"line":140,"column":8}}]}}},"contracts/component/FundCollateral.sol":{"l":{"32":25,"33":25,"34":23,"36":10,"39":13,"40":13,"42":17,"43":17,"56":18,"57":18,"58":13,"60":5,"74":79,"88":56,"89":56,"90":56,"91":3,"93":53,"95":54,"109":18,"110":18,"111":18,"112":2,"114":16,"117":18,"123":1,"131":24,"139":54,"149":3,"159":155},"path":"/home/work/workspace/mai-fund-protocol/contracts/component/FundCollateral.sol","s":{"1":25,"2":25,"3":23,"4":10,"5":13,"6":13,"7":17,"8":17,"9":18,"10":18,"11":13,"12":5,"13":79,"14":56,"15":56,"16":56,"17":3,"18":53,"19":54,"20":18,"21":18,"22":18,"23":2,"24":16,"25":18,"26":1,"27":24,"28":54,"29":3,"30":155},"b":{"1":[25,0],"2":[23,2],"3":[10,13],"4":[8,2],"5":[9,4],"6":[13,5],"7":[56,0],"8":[3,53],"9":[53,0],"10":[18,0],"11":[2,16]},"f":{"1":25,"2":18,"3":79,"4":56,"5":18,"6":1,"7":24,"8":54,"9":3,"10":155},"fnMap":{"1":{"name":"_initialize","line":29,"loc":{"start":{"line":29,"column":4},"end":{"line":44,"column":4}}},"2":{"name":"_retrieveDecimals","line":51,"loc":{"start":{"line":51,"column":4},"end":{"line":61,"column":4}}},"3":{"name":"_isToken","line":69,"loc":{"start":{"line":69,"column":4},"end":{"line":75,"column":4}}},"4":{"name":"_pullCollateralFromUser","line":84,"loc":{"start":{"line":84,"column":4},"end":{"line":96,"column":4}}},"5":{"name":"_pushCollateralToUser","line":105,"loc":{"start":{"line":105,"column":4},"end":{"line":118,"column":4}}},"6":{"name":"_approvePerpetual","line":120,"loc":{"start":{"line":120,"column":4},"end":{"line":124,"column":4}}},"7":{"name":"_pullCollateralFromPerpetual","line":130,"loc":{"start":{"line":130,"column":4},"end":{"line":132,"column":4}}},"8":{"name":"_pushCollateralToPerpetual","line":138,"loc":{"start":{"line":138,"column":4},"end":{"line":140,"column":4}}},"9":{"name":"_toInternalAmount","line":148,"loc":{"start":{"line":148,"column":4},"end":{"line":150,"column":4}}},"10":{"name":"_toRawAmount","line":158,"loc":{"start":{"line":158,"column":4},"end":{"line":160,"column":4}}}},"statementMap":{"1":{"start":{"line":32,"column":8},"end":{"line":32,"column":50}},"2":{"start":{"line":33,"column":8},"end":{"line":33,"column":94}},"3":{"start":{"line":34,"column":8},"end":{"line":34,"column":1074}},"4":{"start":{"line":36,"column":12},"end":{"line":36,"column":68}},"5":{"start":{"line":39,"column":12},"end":{"line":39,"column":78}},"6":{"start":{"line":40,"column":12},"end":{"line":40,"column":86}},"7":{"start":{"line":42,"column":8},"end":{"line":42,"column":31}},"8":{"start":{"line":43,"column":8},"end":{"line":43,"column":81}},"9":{"start":{"line":56,"column":8},"end":{"line":56,"column":101}},"10":{"start":{"line":57,"column":8},"end":{"line":57,"column":1989}},"11":{"start":{"line":58,"column":12},"end":{"line":58,"column":57}},"12":{"start":{"line":60,"column":8},"end":{"line":60,"column":25}},"13":{"start":{"line":74,"column":8},"end":{"line":74,"column":40}},"14":{"start":{"line":88,"column":8},"end":{"line":88,"column":52}},"15":{"start":{"line":89,"column":8},"end":{"line":89,"column":48}},"16":{"start":{"line":90,"column":8},"end":{"line":90,"column":2991}},"17":{"start":{"line":91,"column":12},"end":{"line":91,"column":81}},"18":{"start":{"line":93,"column":12},"end":{"line":93,"column":78}},"19":{"start":{"line":95,"column":8},"end":{"line":95,"column":24}},"20":{"start":{"line":109,"column":8},"end":{"line":109,"column":52}},"21":{"start":{"line":110,"column":8},"end":{"line":110,"column":48}},"22":{"start":{"line":111,"column":8},"end":{"line":111,"column":3736}},"23":{"start":{"line":112,"column":12},"end":{"line":112,"column":62}},"24":{"start":{"line":114,"column":12},"end":{"line":114,"column":47}},"25":{"start":{"line":117,"column":8},"end":{"line":117,"column":24}},"26":{"start":{"line":123,"column":8},"end":{"line":123,"column":67}},"27":{"start":{"line":131,"column":8},"end":{"line":131,"column":48}},"28":{"start":{"line":139,"column":8},"end":{"line":139,"column":67}},"29":{"start":{"line":149,"column":8},"end":{"line":149,"column":37}},"30":{"start":{"line":159,"column":8},"end":{"line":159,"column":34}}},"branchMap":{"1":{"line":32,"type":"if","locations":[{"start":{"line":32,"column":8},"end":{"line":32,"column":8}},{"start":{"line":32,"column":8},"end":{"line":32,"column":8}}]},"2":{"line":33,"type":"if","locations":[{"start":{"line":33,"column":8},"end":{"line":33,"column":8}},{"start":{"line":33,"column":8},"end":{"line":33,"column":8}}]},"3":{"line":34,"type":"if","locations":[{"start":{"line":34,"column":8},"end":{"line":34,"column":8}},{"start":{"line":34,"column":8},"end":{"line":34,"column":8}}]},"4":{"line":36,"type":"if","locations":[{"start":{"line":36,"column":12},"end":{"line":36,"column":12}},{"start":{"line":36,"column":12},"end":{"line":36,"column":12}}]},"5":{"line":40,"type":"if","locations":[{"start":{"line":40,"column":12},"end":{"line":40,"column":12}},{"start":{"line":40,"column":12},"end":{"line":40,"column":12}}]},"6":{"line":57,"type":"if","locations":[{"start":{"line":57,"column":8},"end":{"line":57,"column":8}},{"start":{"line":57,"column":8},"end":{"line":57,"column":8}}]},"7":{"line":88,"type":"if","locations":[{"start":{"line":88,"column":8},"end":{"line":88,"column":8}},{"start":{"line":88,"column":8},"end":{"line":88,"column":8}}]},"8":{"line":90,"type":"if","locations":[{"start":{"line":90,"column":8},"end":{"line":90,"column":8}},{"start":{"line":90,"column":8},"end":{"line":90,"column":8}}]},"9":{"line":93,"type":"if","locations":[{"start":{"line":93,"column":12},"end":{"line":93,"column":12}},{"start":{"line":93,"column":12},"end":{"line":93,"column":12}}]},"10":{"line":109,"type":"if","locations":[{"start":{"line":109,"column":8},"end":{"line":109,"column":8}},{"start":{"line":109,"column":8},"end":{"line":109,"column":8}}]},"11":{"line":111,"type":"if","locations":[{"start":{"line":111,"column":8},"end":{"line":111,"column":8}},{"start":{"line":111,"column":8},"end":{"line":111,"column":8}}]}}},"contracts/component/FundConfiguration.sol":{"l":{"16":8,"24":7,"25":7,"33":9,"34":7,"42":9,"43":7,"51":16,"52":14,"60":8,"61":6},"path":"/home/work/workspace/mai-fund-protocol/contracts/component/FundConfiguration.sol","s":{"1":8,"2":7,"3":7,"4":9,"5":7,"6":9,"7":7,"8":16,"9":14,"10":8,"11":6},"b":{"1":[7,0],"2":[7,2],"3":[7,2],"4":[14,2],"5":[6,2]},"f":{"1":8,"2":7,"3":9,"4":9,"5":16,"6":8},"fnMap":{"1":{"name":"_setRedeemingLockPeriod","line":15,"loc":{"start":{"line":15,"column":4},"end":{"line":17,"column":4}}},"2":{"name":"_setDrawdownHighWaterMark","line":23,"loc":{"start":{"line":23,"column":4},"end":{"line":26,"column":4}}},"3":{"name":"_setLeverageHighWaterMark","line":32,"loc":{"start":{"line":32,"column":4},"end":{"line":35,"column":4}}},"4":{"name":"_setEntranceFeeRate","line":41,"loc":{"start":{"line":41,"column":4},"end":{"line":44,"column":4}}},"5":{"name":"_setStreamingFeeRate","line":50,"loc":{"start":{"line":50,"column":4},"end":{"line":53,"column":4}}},"6":{"name":"_setPerformanceFeeRate","line":59,"loc":{"start":{"line":59,"column":4},"end":{"line":62,"column":4}}}},"statementMap":{"1":{"start":{"line":16,"column":8},"end":{"line":16,"column":36}},"2":{"start":{"line":24,"column":8},"end":{"line":24,"column":77}},"3":{"start":{"line":25,"column":8},"end":{"line":25,"column":35}},"4":{"start":{"line":33,"column":8},"end":{"line":33,"column":77}},"5":{"start":{"line":34,"column":8},"end":{"line":34,"column":35}},"6":{"start":{"line":42,"column":8},"end":{"line":42,"column":99}},"7":{"start":{"line":43,"column":8},"end":{"line":43,"column":33}},"8":{"start":{"line":51,"column":8},"end":{"line":51,"column":99}},"9":{"start":{"line":52,"column":8},"end":{"line":52,"column":34}},"10":{"start":{"line":60,"column":8},"end":{"line":60,"column":101}},"11":{"start":{"line":61,"column":8},"end":{"line":61,"column":36}}},"branchMap":{"1":{"line":24,"type":"if","locations":[{"start":{"line":24,"column":8},"end":{"line":24,"column":8}},{"start":{"line":24,"column":8},"end":{"line":24,"column":8}}]},"2":{"line":33,"type":"if","locations":[{"start":{"line":33,"column":8},"end":{"line":33,"column":8}},{"start":{"line":33,"column":8},"end":{"line":33,"column":8}}]},"3":{"line":42,"type":"if","locations":[{"start":{"line":42,"column":8},"end":{"line":42,"column":8}},{"start":{"line":42,"column":8},"end":{"line":42,"column":8}}]},"4":{"line":51,"type":"if","locations":[{"start":{"line":51,"column":8},"end":{"line":51,"column":8}},{"start":{"line":51,"column":8},"end":{"line":51,"column":8}}]},"5":{"line":60,"type":"if","locations":[{"start":{"line":60,"column":8},"end":{"line":60,"column":8}},{"start":{"line":60,"column":8},"end":{"line":60,"column":8}}]}}},"contracts/component/FundERC20Wrapper.sol":{"l":{"20":2,"24":2,"28":2,"32":71,"36":30,"42":11,"43":3,"47":6,"51":5,"52":3,"56":10,"57":4,"62":2,"66":1,"67":1,"71":3,"76":1,"80":9,"81":9,"83":7,"84":7,"93":15,"97":21,"98":19,"99":15,"100":15,"102":7,"103":7,"105":7},"path":"/home/work/workspace/mai-fund-protocol/contracts/component/FundERC20Wrapper.sol","s":{"1":2,"2":2,"3":2,"4":71,"5":30,"6":11,"7":3,"8":6,"9":5,"10":3,"11":10,"12":4,"13":2,"14":1,"15":1,"16":3,"17":1,"18":9,"19":9,"20":7,"21":7,"22":15,"23":21,"24":19,"25":15,"26":15,"27":7,"28":7,"29":7},"b":{"1":[9,0],"2":[7,2],"3":[19,2],"4":[15,4],"5":[15,0],"6":[7,8]},"f":{"1":2,"2":2,"3":2,"4":71,"5":30,"6":11,"7":6,"8":5,"9":10,"10":1,"11":3,"12":9,"13":15,"14":21},"fnMap":{"1":{"name":"name","line":19,"loc":{"start":{"line":19,"column":4},"end":{"line":21,"column":4}}},"2":{"name":"symbol","line":23,"loc":{"start":{"line":23,"column":4},"end":{"line":25,"column":4}}},"3":{"name":"decimals","line":27,"loc":{"start":{"line":27,"column":4},"end":{"line":29,"column":4}}},"4":{"name":"balanceOf","line":31,"loc":{"start":{"line":31,"column":4},"end":{"line":33,"column":4}}},"5":{"name":"totalSupply","line":35,"loc":{"start":{"line":35,"column":4},"end":{"line":37,"column":4}}},"6":{"name":"transfer","line":41,"loc":{"start":{"line":41,"column":4},"end":{"line":44,"column":4}}},"7":{"name":"allowance","line":46,"loc":{"start":{"line":46,"column":4},"end":{"line":48,"column":4}}},"8":{"name":"approve","line":50,"loc":{"start":{"line":50,"column":4},"end":{"line":53,"column":4}}},"9":{"name":"transferFrom","line":55,"loc":{"start":{"line":55,"column":4},"end":{"line":63,"column":4}}},"10":{"name":"increaseAllowance","line":65,"loc":{"start":{"line":65,"column":4},"end":{"line":68,"column":4}}},"11":{"name":"decreaseAllowance","line":70,"loc":{"start":{"line":70,"column":4},"end":{"line":77,"column":4}}},"12":{"name":"_approve","line":79,"loc":{"start":{"line":79,"column":4},"end":{"line":85,"column":4}}},"13":{"name":"_transferrableBalance","line":92,"loc":{"start":{"line":92,"column":4},"end":{"line":94,"column":4}}},"14":{"name":"_transfer","line":96,"loc":{"start":{"line":96,"column":4},"end":{"line":106,"column":4}}}},"statementMap":{"1":{"start":{"line":20,"column":8},"end":{"line":20,"column":20}},"2":{"start":{"line":24,"column":8},"end":{"line":24,"column":22}},"3":{"start":{"line":28,"column":8},"end":{"line":28,"column":29}},"4":{"start":{"line":32,"column":8},"end":{"line":32,"column":33}},"5":{"start":{"line":36,"column":8},"end":{"line":36,"column":27}},"6":{"start":{"line":42,"column":8},"end":{"line":42,"column":47}},"7":{"start":{"line":43,"column":8},"end":{"line":43,"column":19}},"8":{"start":{"line":47,"column":8},"end":{"line":47,"column":42}},"9":{"start":{"line":51,"column":8},"end":{"line":51,"column":44}},"10":{"start":{"line":52,"column":8},"end":{"line":52,"column":19}},"11":{"start":{"line":56,"column":8},"end":{"line":56,"column":43}},"12":{"start":{"line":57,"column":8},"end":{"line":57,"column":1789}},"13":{"start":{"line":62,"column":8},"end":{"line":62,"column":19}},"14":{"start":{"line":66,"column":8},"end":{"line":66,"column":86}},"15":{"start":{"line":67,"column":8},"end":{"line":67,"column":19}},"16":{"start":{"line":71,"column":8},"end":{"line":71,"column":2312}},"17":{"start":{"line":76,"column":8},"end":{"line":76,"column":19}},"18":{"start":{"line":80,"column":8},"end":{"line":80,"column":75}},"19":{"start":{"line":81,"column":8},"end":{"line":81,"column":75}},"20":{"start":{"line":83,"column":8},"end":{"line":83,"column":43}},"21":{"start":{"line":84,"column":8},"end":{"line":84,"column":45}},"22":{"start":{"line":93,"column":8},"end":{"line":93,"column":47}},"23":{"start":{"line":97,"column":8},"end":{"line":97,"column":77}},"24":{"start":{"line":98,"column":8},"end":{"line":98,"column":78}},"25":{"start":{"line":99,"column":8},"end":{"line":99,"column":66}},"26":{"start":{"line":100,"column":8},"end":{"line":100,"column":95}},"27":{"start":{"line":102,"column":8},"end":{"line":102,"column":44}},"28":{"start":{"line":103,"column":8},"end":{"line":103,"column":47}},"29":{"start":{"line":105,"column":8},"end":{"line":105,"column":48}}},"branchMap":{"1":{"line":80,"type":"if","locations":[{"start":{"line":80,"column":8},"end":{"line":80,"column":8}},{"start":{"line":80,"column":8},"end":{"line":80,"column":8}}]},"2":{"line":81,"type":"if","locations":[{"start":{"line":81,"column":8},"end":{"line":81,"column":8}},{"start":{"line":81,"column":8},"end":{"line":81,"column":8}}]},"3":{"line":97,"type":"if","locations":[{"start":{"line":97,"column":8},"end":{"line":97,"column":8}},{"start":{"line":97,"column":8},"end":{"line":97,"column":8}}]},"4":{"line":98,"type":"if","locations":[{"start":{"line":98,"column":8},"end":{"line":98,"column":8}},{"start":{"line":98,"column":8},"end":{"line":98,"column":8}}]},"5":{"line":99,"type":"if","locations":[{"start":{"line":99,"column":8},"end":{"line":99,"column":8}},{"start":{"line":99,"column":8},"end":{"line":99,"column":8}}]},"6":{"line":100,"type":"if","locations":[{"start":{"line":100,"column":8},"end":{"line":100,"column":8}},{"start":{"line":100,"column":8},"end":{"line":100,"column":8}}]}}},"contracts/component/FundFee.sol":{"l":{"26":36,"27":29,"29":7,"45":142,"46":82,"48":60,"49":60,"50":60,"64":135,"65":117,"67":18,"68":18,"69":14,"71":4,"82":92,"83":4,"85":88,"86":33,"88":88,"89":88},"path":"/home/work/workspace/mai-fund-protocol/contracts/component/FundFee.sol","s":{"1":36,"2":29,"3":7,"4":142,"5":82,"6":60,"7":60,"8":60,"9":135,"10":117,"11":18,"12":18,"13":14,"14":4,"15":92,"16":4,"17":88,"18":33,"19":88,"20":88},"b":{"1":[29,7],"2":[82,60],"3":[117,18],"4":[14,4],"5":[4,88],"6":[33,55]},"f":{"1":36,"2":142,"3":135,"4":92},"fnMap":{"1":{"name":"_entranceFee","line":20,"loc":{"start":{"line":20,"column":4},"end":{"line":30,"column":4}}},"2":{"name":"_streamingFee","line":38,"loc":{"start":{"line":38,"column":4},"end":{"line":51,"column":4}}},"3":{"name":"_performanceFee","line":58,"loc":{"start":{"line":58,"column":4},"end":{"line":72,"column":4}}},"4":{"name":"_updateFeeState","line":79,"loc":{"start":{"line":79,"column":4},"end":{"line":90,"column":4}}}},"statementMap":{"1":{"start":{"line":26,"column":8},"end":{"line":26,"column":658}},"2":{"start":{"line":27,"column":12},"end":{"line":27,"column":20}},"3":{"start":{"line":29,"column":8},"end":{"line":29,"column":57}},"4":{"start":{"line":45,"column":8},"end":{"line":45,"column":1175}},"5":{"start":{"line":46,"column":12},"end":{"line":46,"column":20}},"6":{"start":{"line":48,"column":8},"end":{"line":48,"column":66}},"7":{"start":{"line":49,"column":8},"end":{"line":49,"column":54}},"8":{"start":{"line":50,"column":8},"end":{"line":50,"column":74}},"9":{"start":{"line":64,"column":8},"end":{"line":64,"column":1847}},"10":{"start":{"line":65,"column":12},"end":{"line":65,"column":20}},"11":{"start":{"line":67,"column":8},"end":{"line":67,"column":76}},"12":{"start":{"line":68,"column":8},"end":{"line":68,"column":1997}},"13":{"start":{"line":69,"column":12},"end":{"line":69,"column":20}},"14":{"start":{"line":71,"column":8},"end":{"line":71,"column":73}},"15":{"start":{"line":82,"column":8},"end":{"line":82,"column":2446}},"16":{"start":{"line":83,"column":12},"end":{"line":83,"column":18}},"17":{"start":{"line":85,"column":8},"end":{"line":85,"column":2501}},"18":{"start":{"line":86,"column":12},"end":{"line":86,"column":60}},"19":{"start":{"line":88,"column":8},"end":{"line":88,"column":51}},"20":{"start":{"line":89,"column":8},"end":{"line":89,"column":28}}},"branchMap":{"1":{"line":26,"type":"if","locations":[{"start":{"line":26,"column":8},"end":{"line":26,"column":8}},{"start":{"line":26,"column":8},"end":{"line":26,"column":8}}]},"2":{"line":45,"type":"if","locations":[{"start":{"line":45,"column":8},"end":{"line":45,"column":8}},{"start":{"line":45,"column":8},"end":{"line":45,"column":8}}]},"3":{"line":64,"type":"if","locations":[{"start":{"line":64,"column":8},"end":{"line":64,"column":8}},{"start":{"line":64,"column":8},"end":{"line":64,"column":8}}]},"4":{"line":68,"type":"if","locations":[{"start":{"line":68,"column":8},"end":{"line":68,"column":8}},{"start":{"line":68,"column":8},"end":{"line":68,"column":8}}]},"5":{"line":82,"type":"if","locations":[{"start":{"line":82,"column":8},"end":{"line":82,"column":8}},{"start":{"line":82,"column":8},"end":{"line":82,"column":8}}]},"6":{"line":85,"type":"if","locations":[{"start":{"line":85,"column":8},"end":{"line":85,"column":8}},{"start":{"line":85,"column":8},"end":{"line":85,"column":8}}]}}},"contracts/component/FundProperty.sol":{"l":{"35":225,"48":54,"61":15,"74":155,"75":155,"76":155,"89":157,"91":157,"92":156,"94":148,"95":148,"96":147,"97":147,"98":146,"112":32,"113":31,"114":31,"126":26,"127":26,"128":26,"129":26,"130":26,"131":26,"143":7,"144":6,"145":3,"147":3,"148":3},"path":"/home/work/workspace/mai-fund-protocol/contracts/component/FundProperty.sol","s":{"1":225,"2":54,"3":15,"4":155,"5":155,"6":155,"7":157,"8":157,"9":156,"10":148,"11":148,"12":147,"13":147,"14":146,"15":32,"16":31,"17":31,"18":26,"19":26,"20":26,"21":26,"22":26,"23":26,"24":7,"25":6,"26":3,"27":3,"28":3},"b":{"1":[155,0],"2":[148,8],"3":[31,1],"4":[3,3],"5":[3,0]},"f":{"1":225,"2":54,"3":15,"4":155,"5":157,"6":32,"7":26,"8":7},"fnMap":{"1":{"name":"_self","line":29,"loc":{"start":{"line":29,"column":4},"end":{"line":36,"column":4}}},"2":{"name":"_marginAccount","line":42,"loc":{"start":{"line":42,"column":4},"end":{"line":49,"column":4}}},"3":{"name":"_positionSize","line":55,"loc":{"start":{"line":55,"column":4},"end":{"line":62,"column":4}}},"4":{"name":"_totalAssetValue","line":69,"loc":{"start":{"line":69,"column":4},"end":{"line":77,"column":4}}},"5":{"name":"_netAssetValueAndFee","line":84,"loc":{"start":{"line":84,"column":4},"end":{"line":100,"column":4}}},"6":{"name":"_netAssetValuePerShareAndFee","line":107,"loc":{"start":{"line":107,"column":4},"end":{"line":115,"column":4}}},"7":{"name":"_leverage","line":121,"loc":{"start":{"line":121,"column":4},"end":{"line":132,"column":4}}},"8":{"name":"_drawdown","line":138,"loc":{"start":{"line":138,"column":4},"end":{"line":149,"column":4}}}},"statementMap":{"1":{"start":{"line":35,"column":8},"end":{"line":35,"column":28}},"2":{"start":{"line":48,"column":8},"end":{"line":48,"column":53}},"3":{"start":{"line":61,"column":8},"end":{"line":61,"column":56}},"4":{"start":{"line":74,"column":8},"end":{"line":74,"column":64}},"5":{"start":{"line":75,"column":8},"end":{"line":75,"column":69}},"6":{"start":{"line":76,"column":8},"end":{"line":76,"column":40}},"7":{"start":{"line":89,"column":8},"end":{"line":89,"column":52}},"8":{"start":{"line":91,"column":8},"end":{"line":91,"column":95}},"9":{"start":{"line":92,"column":8},"end":{"line":92,"column":2432}},"10":{"start":{"line":94,"column":12},"end":{"line":94,"column":63}},"11":{"start":{"line":95,"column":12},"end":{"line":95,"column":90}},"12":{"start":{"line":96,"column":12},"end":{"line":96,"column":67}},"13":{"start":{"line":97,"column":12},"end":{"line":97,"column":94}},"14":{"start":{"line":98,"column":12},"end":{"line":98,"column":59}},"15":{"start":{"line":112,"column":8},"end":{"line":112,"column":58}},"16":{"start":{"line":113,"column":8},"end":{"line":113,"column":70}},"17":{"start":{"line":114,"column":8},"end":{"line":114,"column":71}},"18":{"start":{"line":126,"column":8},"end":{"line":126,"column":50}},"19":{"start":{"line":127,"column":8},"end":{"line":127,"column":64}},"20":{"start":{"line":128,"column":8},"end":{"line":128,"column":52}},"21":{"start":{"line":129,"column":8},"end":{"line":129,"column":58}},"22":{"start":{"line":130,"column":8},"end":{"line":130,"column":62}},"23":{"start":{"line":131,"column":8},"end":{"line":131,"column":76}},"24":{"start":{"line":143,"column":8},"end":{"line":143,"column":73}},"25":{"start":{"line":144,"column":8},"end":{"line":144,"column":4466}},"26":{"start":{"line":145,"column":12},"end":{"line":145,"column":20}},"27":{"start":{"line":147,"column":8},"end":{"line":147,"column":76}},"28":{"start":{"line":148,"column":8},"end":{"line":148,"column":99}}},"branchMap":{"1":{"line":75,"type":"if","locations":[{"start":{"line":75,"column":8},"end":{"line":75,"column":8}},{"start":{"line":75,"column":8},"end":{"line":75,"column":8}}]},"2":{"line":92,"type":"if","locations":[{"start":{"line":92,"column":8},"end":{"line":92,"column":8}},{"start":{"line":92,"column":8},"end":{"line":92,"column":8}}]},"3":{"line":112,"type":"if","locations":[{"start":{"line":112,"column":8},"end":{"line":112,"column":8}},{"start":{"line":112,"column":8},"end":{"line":112,"column":8}}]},"4":{"line":144,"type":"if","locations":[{"start":{"line":144,"column":8},"end":{"line":144,"column":8}},{"start":{"line":144,"column":8},"end":{"line":144,"column":8}}]},"5":{"line":147,"type":"if","locations":[{"start":{"line":147,"column":8},"end":{"line":147,"column":8}},{"start":{"line":147,"column":8},"end":{"line":147,"column":8}}]}}},"contracts/oracle/PeriodicPriceBucket.sol":{"l":{"36":22,"50":3,"51":3,"52":3,"53":33,"55":3,"67":5,"78":57,"79":55,"80":53,"81":51,"92":4,"93":2,"94":2,"95":2,"102":7,"112":74,"116":74,"118":72,"119":102,"120":102,"121":102,"122":102,"127":20,"128":20,"130":102,"150":61,"151":60,"153":59,"154":59,"155":58,"157":58,"158":58,"160":58,"161":58,"162":58,"163":242,"165":242,"167":12,"168":1,"169":1,"172":11,"175":242,"176":242,"177":242,"179":58,"185":29,"186":25,"187":21,"188":21},"path":"/home/work/workspace/mai-fund-protocol/contracts/oracle/PeriodicPriceBucket.sol","s":{"1":22,"2":3,"3":3,"4":3,"5":33,"6":3,"7":5,"8":57,"9":55,"10":53,"11":51,"12":4,"13":2,"14":7,"15":74,"16":74,"17":72,"18":102,"19":102,"20":102,"21":102,"22":20,"23":20,"24":102,"25":61,"26":60,"27":59,"28":59,"29":58,"30":58,"31":58,"32":58,"33":58,"34":58,"35":242,"36":242,"37":12,"38":1,"39":1,"40":11,"41":242,"42":242,"43":58,"44":29,"45":25,"46":21,"47":21},"b":{"1":[55,2],"2":[53,2],"3":[51,2],"4":[2,2],"5":[72,2],"6":[20,82],"7":[60,1],"8":[59,1],"9":[58,1],"10":[12,230],"11":[1,11],"12":[1,0],"13":[25,4],"14":[21,4]},"f":{"1":22,"2":3,"3":5,"4":57,"5":4,"6":7,"7":74,"8":61,"9":29},"fnMap":{"1":{"name":"constructor","line":35,"loc":{"start":{"line":35,"column":4},"end":{"line":37,"column":4}}},"2":{"name":"buckets","line":45,"loc":{"start":{"line":45,"column":4},"end":{"line":56,"column":4}}},"3":{"name":"hasBucket","line":62,"loc":{"start":{"line":62,"column":4},"end":{"line":68,"column":4}}},"4":{"name":"addBucket","line":76,"loc":{"start":{"line":74,"column":4},"end":{"line":82,"column":4}}},"5":{"name":"removeBucket","line":90,"loc":{"start":{"line":88,"column":4},"end":{"line":96,"column":4}}},"6":{"name":"setPriceFeeder","line":100,"loc":{"start":{"line":98,"column":4},"end":{"line":103,"column":4}}},"7":{"name":"updatePrice","line":109,"loc":{"start":{"line":109,"column":4},"end":{"line":132,"column":4}}},"8":{"name":"retrievePriceSeries","line":141,"loc":{"start":{"line":141,"column":4},"end":{"line":180,"column":4}}},"9":{"name":"_setPriceFeeder","line":182,"loc":{"start":{"line":182,"column":4},"end":{"line":189,"column":4}}}},"statementMap":{"1":{"start":{"line":36,"column":8},"end":{"line":36,"column":35}},"2":{"start":{"line":50,"column":8},"end":{"line":50,"column":47}},"3":{"start":{"line":51,"column":8},"end":{"line":51,"column":64}},"4":{"start":{"line":52,"column":8},"end":{"line":52,"column":1825}},"5":{"start":{"line":53,"column":12},"end":{"line":53,"column":41}},"6":{"start":{"line":55,"column":8},"end":{"line":55,"column":25}},"7":{"start":{"line":67,"column":8},"end":{"line":67,"column":40}},"8":{"start":{"line":78,"column":8},"end":{"line":78,"column":59}},"9":{"start":{"line":79,"column":8},"end":{"line":79,"column":82}},"10":{"start":{"line":80,"column":8},"end":{"line":80,"column":60}},"11":{"start":{"line":81,"column":8},"end":{"line":81,"column":30}},"12":{"start":{"line":92,"column":8},"end":{"line":92,"column":62}},"13":{"start":{"line":95,"column":8},"end":{"line":95,"column":33}},"14":{"start":{"line":102,"column":8},"end":{"line":102,"column":38}},"15":{"start":{"line":112,"column":8},"end":{"line":112,"column":3436}},"16":{"start":{"line":116,"column":8},"end":{"line":116,"column":46}},"17":{"start":{"line":118,"column":8},"end":{"line":118,"column":3569}},"18":{"start":{"line":119,"column":12},"end":{"line":119,"column":43}},"19":{"start":{"line":120,"column":12},"end":{"line":120,"column":59}},"20":{"start":{"line":121,"column":12},"end":{"line":121,"column":55}},"21":{"start":{"line":122,"column":12},"end":{"line":122,"column":3799}},"22":{"start":{"line":127,"column":16},"end":{"line":127,"column":56}},"23":{"start":{"line":128,"column":16},"end":{"line":128,"column":52}},"24":{"start":{"line":130,"column":12},"end":{"line":130,"column":88}},"25":{"start":{"line":150,"column":8},"end":{"line":150,"column":80}},"26":{"start":{"line":151,"column":8},"end":{"line":151,"column":64}},"27":{"start":{"line":153,"column":8},"end":{"line":153,"column":55}},"28":{"start":{"line":154,"column":8},"end":{"line":154,"column":93}},"29":{"start":{"line":155,"column":8},"end":{"line":155,"column":51}},"30":{"start":{"line":157,"column":8},"end":{"line":157,"column":36}},"31":{"start":{"line":158,"column":8},"end":{"line":158,"column":62}},"32":{"start":{"line":160,"column":8},"end":{"line":160,"column":61}},"33":{"start":{"line":161,"column":8},"end":{"line":161,"column":23}},"34":{"start":{"line":162,"column":8},"end":{"line":162,"column":5382}},"35":{"start":{"line":163,"column":12},"end":{"line":163,"column":51}},"36":{"start":{"line":165,"column":12},"end":{"line":165,"column":5579}},"37":{"start":{"line":167,"column":16},"end":{"line":167,"column":5675}},"38":{"start":{"line":168,"column":20},"end":{"line":168,"column":67}},"39":{"start":{"line":169,"column":20},"end":{"line":169,"column":69}},"40":{"start":{"line":172,"column":20},"end":{"line":172,"column":43}},"41":{"start":{"line":175,"column":12},"end":{"line":175,"column":30}},"42":{"start":{"line":176,"column":12},"end":{"line":176,"column":35}},"43":{"start":{"line":179,"column":8},"end":{"line":179,"column":21}},"44":{"start":{"line":185,"column":8},"end":{"line":185,"column":76}},"45":{"start":{"line":186,"column":8},"end":{"line":186,"column":82}},"46":{"start":{"line":187,"column":8},"end":{"line":187,"column":69}},"47":{"start":{"line":188,"column":8},"end":{"line":188,"column":50}}},"branchMap":{"1":{"line":78,"type":"if","locations":[{"start":{"line":78,"column":8},"end":{"line":78,"column":8}},{"start":{"line":78,"column":8},"end":{"line":78,"column":8}}]},"2":{"line":79,"type":"if","locations":[{"start":{"line":79,"column":8},"end":{"line":79,"column":8}},{"start":{"line":79,"column":8},"end":{"line":79,"column":8}}]},"3":{"line":80,"type":"if","locations":[{"start":{"line":80,"column":8},"end":{"line":80,"column":8}},{"start":{"line":80,"column":8},"end":{"line":80,"column":8}}]},"4":{"line":92,"type":"if","locations":[{"start":{"line":92,"column":8},"end":{"line":92,"column":8}},{"start":{"line":92,"column":8},"end":{"line":92,"column":8}}]},"5":{"line":116,"type":"if","locations":[{"start":{"line":116,"column":8},"end":{"line":116,"column":8}},{"start":{"line":116,"column":8},"end":{"line":116,"column":8}}]},"6":{"line":122,"type":"if","locations":[{"start":{"line":122,"column":12},"end":{"line":122,"column":12}},{"start":{"line":122,"column":12},"end":{"line":122,"column":12}}]},"7":{"line":150,"type":"if","locations":[{"start":{"line":150,"column":8},"end":{"line":150,"column":8}},{"start":{"line":150,"column":8},"end":{"line":150,"column":8}}]},"8":{"line":151,"type":"if","locations":[{"start":{"line":151,"column":8},"end":{"line":151,"column":8}},{"start":{"line":151,"column":8},"end":{"line":151,"column":8}}]},"9":{"line":154,"type":"if","locations":[{"start":{"line":154,"column":8},"end":{"line":154,"column":8}},{"start":{"line":154,"column":8},"end":{"line":154,"column":8}}]},"10":{"line":165,"type":"if","locations":[{"start":{"line":165,"column":12},"end":{"line":165,"column":12}},{"start":{"line":165,"column":12},"end":{"line":165,"column":12}}]},"11":{"line":167,"type":"if","locations":[{"start":{"line":167,"column":16},"end":{"line":167,"column":16}},{"start":{"line":167,"column":16},"end":{"line":167,"column":16}}]},"12":{"line":169,"type":"if","locations":[{"start":{"line":169,"column":20},"end":{"line":169,"column":20}},{"start":{"line":169,"column":20},"end":{"line":169,"column":20}}]},"13":{"line":185,"type":"if","locations":[{"start":{"line":185,"column":8},"end":{"line":185,"column":8}},{"start":{"line":185,"column":8},"end":{"line":185,"column":8}}]},"14":{"line":186,"type":"if","locations":[{"start":{"line":186,"column":8},"end":{"line":186,"column":8}},{"start":{"line":186,"column":8},"end":{"line":186,"column":8}}]}}},"contracts/oracle/RSIReader.sol":{"l":{"37":14,"38":10,"39":8,"41":6,"42":6,"43":6,"44":6,"48":1,"52":1,"56":30,"61":30,"62":30,"66":34,"67":34,"68":34,"69":34,"70":34,"71":101,"72":101,"73":101,"74":101,"75":53,"77":42,"79":101,"81":34,"82":14,"84":20,"89":0},"path":"/home/work/workspace/mai-fund-protocol/contracts/oracle/RSIReader.sol","s":{"1":14,"2":10,"3":8,"4":6,"5":6,"6":6,"7":6,"8":1,"9":1,"10":30,"11":30,"12":30,"13":34,"14":34,"15":34,"16":34,"17":34,"18":101,"19":101,"20":101,"21":101,"22":53,"23":48,"24":42,"25":101,"26":34,"27":14,"28":20,"29":0},"b":{"1":[10,4],"2":[8,2],"3":[6,2],"4":[30,0],"5":[34,0],"6":[101,0],"7":[53,48],"8":[42,6],"9":[14,20]},"f":{"1":14,"2":1,"3":1,"4":30,"5":34,"6":0},"fnMap":{"1":{"name":"constructor","line":36,"loc":{"start":{"line":36,"column":4},"end":{"line":45,"column":4}}},"2":{"name":"period","line":47,"loc":{"start":{"line":47,"column":4},"end":{"line":49,"column":4}}},"3":{"name":"numPeriod","line":51,"loc":{"start":{"line":51,"column":4},"end":{"line":53,"column":4}}},"4":{"name":"getCurrentRSI","line":55,"loc":{"start":{"line":55,"column":4},"end":{"line":63,"column":4}}},"5":{"name":"_calculateRSI","line":65,"loc":{"start":{"line":65,"column":4},"end":{"line":86,"column":4}}},"6":{"name":"_now","line":88,"loc":{"start":{"line":88,"column":4},"end":{"line":90,"column":4}}}},"statementMap":{"1":{"start":{"line":37,"column":8},"end":{"line":37,"column":74}},"2":{"start":{"line":38,"column":8},"end":{"line":38,"column":59}},"3":{"start":{"line":39,"column":8},"end":{"line":39,"column":66}},"4":{"start":{"line":41,"column":8},"end":{"line":41,"column":23}},"5":{"start":{"line":42,"column":8},"end":{"line":42,"column":29}},"6":{"start":{"line":43,"column":8},"end":{"line":43,"column":74}},"7":{"start":{"line":44,"column":8},"end":{"line":44,"column":43}},"8":{"start":{"line":48,"column":8},"end":{"line":48,"column":22}},"9":{"start":{"line":52,"column":8},"end":{"line":52,"column":25}},"10":{"start":{"line":56,"column":8},"end":{"line":56,"column":1681}},"11":{"start":{"line":61,"column":8},"end":{"line":61,"column":55}},"12":{"start":{"line":62,"column":8},"end":{"line":62,"column":41}},"13":{"start":{"line":66,"column":8},"end":{"line":66,"column":62}},"14":{"start":{"line":67,"column":8},"end":{"line":67,"column":32}},"15":{"start":{"line":68,"column":8},"end":{"line":68,"column":32}},"16":{"start":{"line":69,"column":8},"end":{"line":69,"column":32}},"17":{"start":{"line":70,"column":8},"end":{"line":70,"column":2212}},"18":{"start":{"line":71,"column":12},"end":{"line":71,"column":39}},"19":{"start":{"line":72,"column":12},"end":{"line":72,"column":44}},"20":{"start":{"line":73,"column":12},"end":{"line":73,"column":78}},"21":{"start":{"line":74,"column":12},"end":{"line":74,"column":2442}},"22":{"start":{"line":75,"column":16},"end":{"line":75,"column":77}},"23":{"start":{"line":76,"column":19},"end":{"line":76,"column":2567}},"24":{"start":{"line":77,"column":16},"end":{"line":77,"column":77}},"25":{"start":{"line":79,"column":12},"end":{"line":79,"column":37}},"26":{"start":{"line":81,"column":8},"end":{"line":81,"column":2741}},"27":{"start":{"line":82,"column":12},"end":{"line":82,"column":31}},"28":{"start":{"line":84,"column":8},"end":{"line":84,"column":2885}},"29":{"start":{"line":89,"column":8},"end":{"line":89,"column":30}}},"branchMap":{"1":{"line":37,"type":"if","locations":[{"start":{"line":37,"column":8},"end":{"line":37,"column":8}},{"start":{"line":37,"column":8},"end":{"line":37,"column":8}}]},"2":{"line":38,"type":"if","locations":[{"start":{"line":38,"column":8},"end":{"line":38,"column":8}},{"start":{"line":38,"column":8},"end":{"line":38,"column":8}}]},"3":{"line":39,"type":"if","locations":[{"start":{"line":39,"column":8},"end":{"line":39,"column":8}},{"start":{"line":39,"column":8},"end":{"line":39,"column":8}}]},"4":{"line":61,"type":"if","locations":[{"start":{"line":61,"column":8},"end":{"line":61,"column":8}},{"start":{"line":61,"column":8},"end":{"line":61,"column":8}}]},"5":{"line":66,"type":"if","locations":[{"start":{"line":66,"column":8},"end":{"line":66,"column":8}},{"start":{"line":66,"column":8},"end":{"line":66,"column":8}}]},"6":{"line":73,"type":"if","locations":[{"start":{"line":73,"column":12},"end":{"line":73,"column":12}},{"start":{"line":73,"column":12},"end":{"line":73,"column":12}}]},"7":{"line":74,"type":"if","locations":[{"start":{"line":74,"column":12},"end":{"line":74,"column":12}},{"start":{"line":74,"column":12},"end":{"line":74,"column":12}}]},"8":{"line":76,"type":"if","locations":[{"start":{"line":76,"column":19},"end":{"line":76,"column":19}},{"start":{"line":76,"column":19},"end":{"line":76,"column":19}}]},"9":{"line":81,"type":"if","locations":[{"start":{"line":81,"column":8},"end":{"line":81,"column":8}},{"start":{"line":81,"column":8},"end":{"line":81,"column":8}}]}}},"contracts/oracle/RSITrendingStrategy.sol":{"l":{"60":2,"61":2,"62":18,"63":18,"64":18,"69":18,"71":2,"72":2,"76":18,"84":18,"85":18,"86":18,"87":28,"88":16,"89":16,"92":18,"93":4,"95":18,"96":18,"97":6,"98":6,"100":18},"path":"/home/work/workspace/mai-fund-protocol/contracts/oracle/RSITrendingStrategy.sol","s":{"1":2,"2":2,"3":18,"4":18,"5":18,"6":18,"7":2,"8":2,"9":18,"10":18,"11":18,"12":18,"13":28,"14":16,"15":18,"16":4,"17":18,"18":18,"19":6,"20":6,"21":18},"b":{"1":[18,0],"2":[18,0],"3":[18,0],"4":[16,12],"5":[4,14],"6":[6,12]},"f":{"1":2,"2":18,"3":18},"fnMap":{"1":{"name":"constructor","line":47,"loc":{"start":{"line":39,"column":4},"end":{"line":73,"column":4}}},"2":{"name":"isValidSegment","line":75,"loc":{"start":{"line":75,"column":4},"end":{"line":77,"column":4}}},"3":{"name":"getNextTarget","line":83,"loc":{"start":{"line":83,"column":4},"end":{"line":101,"column":4}}}},"statementMap":{"1":{"start":{"line":60,"column":8},"end":{"line":60,"column":53}},"2":{"start":{"line":61,"column":8},"end":{"line":61,"column":2478}},"3":{"start":{"line":62,"column":12},"end":{"line":62,"column":80}},"4":{"start":{"line":63,"column":12},"end":{"line":63,"column":76}},"5":{"start":{"line":64,"column":12},"end":{"line":64,"column":2711}},"6":{"start":{"line":69,"column":12},"end":{"line":69,"column":99}},"7":{"start":{"line":71,"column":8},"end":{"line":71,"column":31}},"8":{"start":{"line":72,"column":8},"end":{"line":72,"column":32}},"9":{"start":{"line":76,"column":8},"end":{"line":76,"column":44}},"10":{"start":{"line":84,"column":8},"end":{"line":84,"column":37}},"11":{"start":{"line":85,"column":8},"end":{"line":85,"column":44}},"12":{"start":{"line":86,"column":8},"end":{"line":86,"column":3527}},"13":{"start":{"line":87,"column":12},"end":{"line":87,"column":3594}},"14":{"start":{"line":88,"column":16},"end":{"line":88,"column":26}},"15":{"start":{"line":92,"column":8},"end":{"line":92,"column":3702}},"16":{"start":{"line":93,"column":12},"end":{"line":93,"column":33}},"17":{"start":{"line":95,"column":8},"end":{"line":95,"column":57}},"18":{"start":{"line":96,"column":8},"end":{"line":96,"column":3852}},"19":{"start":{"line":97,"column":12},"end":{"line":97,"column":33}},"20":{"start":{"line":98,"column":12},"end":{"line":98,"column":31}},"21":{"start":{"line":100,"column":8},"end":{"line":100,"column":21}}},"branchMap":{"1":{"line":62,"type":"if","locations":[{"start":{"line":62,"column":12},"end":{"line":62,"column":12}},{"start":{"line":62,"column":12},"end":{"line":62,"column":12}}]},"2":{"line":63,"type":"if","locations":[{"start":{"line":63,"column":12},"end":{"line":63,"column":12}},{"start":{"line":63,"column":12},"end":{"line":63,"column":12}}]},"3":{"line":64,"type":"if","locations":[{"start":{"line":64,"column":12},"end":{"line":64,"column":12}},{"start":{"line":64,"column":12},"end":{"line":64,"column":12}}]},"4":{"line":87,"type":"if","locations":[{"start":{"line":87,"column":12},"end":{"line":87,"column":12}},{"start":{"line":87,"column":12},"end":{"line":87,"column":12}}]},"5":{"line":92,"type":"if","locations":[{"start":{"line":92,"column":8},"end":{"line":92,"column":8}},{"start":{"line":92,"column":8},"end":{"line":92,"column":8}}]},"6":{"line":96,"type":"if","locations":[{"start":{"line":96,"column":8},"end":{"line":96,"column":8}},{"start":{"line":96,"column":8},"end":{"line":96,"column":8}}]}}},"contracts/storage/ERC20Storage.sol":{"l":{},"path":"/home/work/workspace/mai-fund-protocol/contracts/storage/ERC20Storage.sol","s":{},"b":{},"f":{},"fnMap":{},"statementMap":{},"branchMap":{}},"contracts/storage/FundStorage.sol":{"l":{"51":5,"55":5,"59":1,"63":43,"67":14,"71":53,"75":3,"79":3,"83":3,"87":3,"91":3,"95":3,"99":13,"103":8,"107":2,"111":4,"115":14,"119":123},"path":"/home/work/workspace/mai-fund-protocol/contracts/storage/FundStorage.sol","s":{"1":5,"2":5,"3":1,"4":43,"5":14,"6":53,"7":3,"8":3,"9":3,"10":3,"11":3,"12":3,"13":13,"14":8,"15":2,"16":4,"17":14,"18":123},"b":{},"f":{"1":5,"2":5,"3":1,"4":43,"5":14,"6":53,"7":3,"8":3,"9":3,"10":3,"11":3,"12":3,"13":13,"14":8,"15":2,"16":4,"17":14,"18":123},"fnMap":{"1":{"name":"collateral","line":50,"loc":{"start":{"line":50,"column":4},"end":{"line":52,"column":4}}},"2":{"name":"scaler","line":54,"loc":{"start":{"line":54,"column":4},"end":{"line":56,"column":4}}},"3":{"name":"capacity","line":58,"loc":{"start":{"line":58,"column":4},"end":{"line":60,"column":4}}},"4":{"name":"totalFeeClaimed","line":62,"loc":{"start":{"line":62,"column":4},"end":{"line":64,"column":4}}},"5":{"name":"maxNetAssetValuePerShare","line":66,"loc":{"start":{"line":66,"column":4},"end":{"line":68,"column":4}}},"6":{"name":"lastFeeTime","line":70,"loc":{"start":{"line":70,"column":4},"end":{"line":72,"column":4}}},"7":{"name":"redeemingLockPeriod","line":74,"loc":{"start":{"line":74,"column":4},"end":{"line":76,"column":4}}},"8":{"name":"drawdownHighWaterMark","line":78,"loc":{"start":{"line":78,"column":4},"end":{"line":80,"column":4}}},"9":{"name":"leverageHighWaterMark","line":82,"loc":{"start":{"line":82,"column":4},"end":{"line":84,"column":4}}},"10":{"name":"entranceFeeRate","line":86,"loc":{"start":{"line":86,"column":4},"end":{"line":88,"column":4}}},"11":{"name":"streamingFeeRate","line":90,"loc":{"start":{"line":90,"column":4},"end":{"line":92,"column":4}}},"12":{"name":"performanceFeeRate","line":94,"loc":{"start":{"line":94,"column":4},"end":{"line":96,"column":4}}},"13":{"name":"redeemingBalance","line":98,"loc":{"start":{"line":98,"column":4},"end":{"line":100,"column":4}}},"14":{"name":"redeemingSlippage","line":102,"loc":{"start":{"line":102,"column":4},"end":{"line":104,"column":4}}},"15":{"name":"lastPurchaseTime","line":106,"loc":{"start":{"line":106,"column":4},"end":{"line":108,"column":4}}},"16":{"name":"withdrawableCollateral","line":110,"loc":{"start":{"line":110,"column":4},"end":{"line":112,"column":4}}},"17":{"name":"manager","line":114,"loc":{"start":{"line":114,"column":4},"end":{"line":116,"column":4}}},"18":{"name":"_now","line":118,"loc":{"start":{"line":118,"column":4},"end":{"line":120,"column":4}}}},"statementMap":{"1":{"start":{"line":51,"column":8},"end":{"line":51,"column":26}},"2":{"start":{"line":55,"column":8},"end":{"line":55,"column":22}},"3":{"start":{"line":59,"column":8},"end":{"line":59,"column":24}},"4":{"start":{"line":63,"column":8},"end":{"line":63,"column":31}},"5":{"start":{"line":67,"column":8},"end":{"line":67,"column":40}},"6":{"start":{"line":71,"column":8},"end":{"line":71,"column":27}},"7":{"start":{"line":75,"column":8},"end":{"line":75,"column":35}},"8":{"start":{"line":79,"column":8},"end":{"line":79,"column":37}},"9":{"start":{"line":83,"column":8},"end":{"line":83,"column":37}},"10":{"start":{"line":87,"column":8},"end":{"line":87,"column":31}},"11":{"start":{"line":91,"column":8},"end":{"line":91,"column":32}},"12":{"start":{"line":95,"column":8},"end":{"line":95,"column":34}},"13":{"start":{"line":99,"column":8},"end":{"line":99,"column":42}},"14":{"start":{"line":103,"column":8},"end":{"line":103,"column":43}},"15":{"start":{"line":107,"column":8},"end":{"line":107,"column":42}},"16":{"start":{"line":111,"column":8},"end":{"line":111,"column":48}},"17":{"start":{"line":115,"column":8},"end":{"line":115,"column":23}},"18":{"start":{"line":119,"column":8},"end":{"line":119,"column":30}}},"branchMap":{}},"contracts/storage/Stoppable.sol":{"l":{"11":43,"18":256,"29":135,"30":126,"41":11,"42":10,"53":7,"54":7},"path":"/home/work/workspace/mai-fund-protocol/contracts/storage/Stoppable.sol","s":{"1":43,"2":256,"3":135,"4":11,"5":7,"6":7},"b":{"1":[126,9],"2":[10,1]},"f":{"1":43,"2":256,"3":135,"4":11,"5":7},"fnMap":{"1":{"name":"constructor","line":10,"loc":{"start":{"line":10,"column":4},"end":{"line":12,"column":4}}},"2":{"name":"stopped","line":17,"loc":{"start":{"line":17,"column":4},"end":{"line":19,"column":4}}},"3":{"name":"whenNotStopped","line":28,"loc":{"start":{"line":28,"column":4},"end":{"line":31,"column":4}}},"4":{"name":"whenStopped","line":40,"loc":{"start":{"line":40,"column":4},"end":{"line":43,"column":4}}},"5":{"name":"_stop","line":52,"loc":{"start":{"line":52,"column":4},"end":{"line":55,"column":4}}}},"statementMap":{"1":{"start":{"line":11,"column":8},"end":{"line":11,"column":23}},"2":{"start":{"line":18,"column":8},"end":{"line":18,"column":23}},"3":{"start":{"line":29,"column":8},"end":{"line":29,"column":47}},"4":{"start":{"line":41,"column":8},"end":{"line":41,"column":50}},"5":{"start":{"line":53,"column":8},"end":{"line":53,"column":22}},"6":{"start":{"line":54,"column":8},"end":{"line":54,"column":32}}},"branchMap":{"1":{"line":29,"type":"if","locations":[{"start":{"line":29,"column":8},"end":{"line":29,"column":8}},{"start":{"line":29,"column":8},"end":{"line":29,"column":8}}]},"2":{"line":41,"type":"if","locations":[{"start":{"line":41,"column":8},"end":{"line":41,"column":8}},{"start":{"line":41,"column":8},"end":{"line":41,"column":8}}]}}},"contracts/trader/FundAuction.sol":{"l":{"35":15,"36":15,"37":0,"39":15,"41":13,"42":13,"43":13,"44":13,"48":13,"49":13,"56":13,"70":26,"71":26,"72":26,"82":26,"83":9,"85":17},"path":"/home/work/workspace/mai-fund-protocol/contracts/trader/FundAuction.sol","s":{"1":15,"2":15,"3":0,"4":15,"5":13,"6":13,"7":13,"8":13,"9":13,"10":13,"11":13,"12":26,"13":26,"14":26,"15":26,"16":9,"17":17},"b":{"1":[0,15],"2":[13,2],"3":[9,17],"4":[8,1],"5":[16,1]},"f":{"1":15,"2":26,"3":26},"fnMap":{"1":{"name":"_bidShare","line":25,"loc":{"start":{"line":25,"column":4},"end":{"line":57,"column":4}}},"2":{"name":"_biddingPrice","line":66,"loc":{"start":{"line":66,"column":4},"end":{"line":73,"column":4}}},"3":{"name":"_validateBiddingPrice","line":81,"loc":{"start":{"line":81,"column":4},"end":{"line":87,"column":4}}}},"statementMap":{"1":{"start":{"line":35,"column":8},"end":{"line":35,"column":70}},"2":{"start":{"line":36,"column":8},"end":{"line":36,"column":983}},"3":{"start":{"line":37,"column":12},"end":{"line":37,"column":20}},"4":{"start":{"line":39,"column":8},"end":{"line":39,"column":61}},"5":{"start":{"line":41,"column":8},"end":{"line":41,"column":60}},"6":{"start":{"line":42,"column":8},"end":{"line":42,"column":82}},"7":{"start":{"line":43,"column":8},"end":{"line":43,"column":65}},"8":{"start":{"line":44,"column":8},"end":{"line":44,"column":1427}},"9":{"start":{"line":48,"column":8},"end":{"line":48,"column":60}},"10":{"start":{"line":49,"column":8},"end":{"line":49,"column":1574}},"11":{"start":{"line":56,"column":8},"end":{"line":56,"column":51}},"12":{"start":{"line":70,"column":8},"end":{"line":70,"column":50}},"13":{"start":{"line":71,"column":8},"end":{"line":71,"column":43}},"14":{"start":{"line":72,"column":8},"end":{"line":72,"column":100}},"15":{"start":{"line":82,"column":8},"end":{"line":82,"column":2808}},"16":{"start":{"line":83,"column":12},"end":{"line":83,"column":65}},"17":{"start":{"line":85,"column":12},"end":{"line":85,"column":67}}},"branchMap":{"1":{"line":36,"type":"if","locations":[{"start":{"line":36,"column":8},"end":{"line":36,"column":8}},{"start":{"line":36,"column":8},"end":{"line":36,"column":8}}]},"2":{"line":39,"type":"if","locations":[{"start":{"line":39,"column":8},"end":{"line":39,"column":8}},{"start":{"line":39,"column":8},"end":{"line":39,"column":8}}]},"3":{"line":82,"type":"if","locations":[{"start":{"line":82,"column":8},"end":{"line":82,"column":8}},{"start":{"line":82,"column":8},"end":{"line":82,"column":8}}]},"4":{"line":83,"type":"if","locations":[{"start":{"line":83,"column":12},"end":{"line":83,"column":12}},{"start":{"line":83,"column":12},"end":{"line":83,"column":12}}]},"5":{"line":85,"type":"if","locations":[{"start":{"line":85,"column":12},"end":{"line":85,"column":12}},{"start":{"line":85,"column":12},"end":{"line":85,"column":12}}]}}},"contracts/trader/FundBase.sol":{"l":{"49":20,"50":20,"51":20,"76":9,"77":7,"79":5,"80":5,"81":5,"82":5,"83":5,"85":5,"86":5,"93":14,"104":18,"105":18,"120":26,"121":24,"122":22,"124":22,"125":22,"127":22,"128":22,"130":22,"145":36,"146":34,"150":34,"152":32,"153":32,"154":32,"159":30,"160":30,"161":30,"163":30,"164":30,"167":30,"168":30,"170":30,"172":30,"174":30,"192":26,"193":22,"194":22,"195":18,"196":14,"197":8,"199":6,"201":14,"217":7,"218":7,"219":5,"220":3,"221":3,"233":0,"234":0,"235":0,"246":10,"247":6,"248":4,"249":2,"272":6,"273":6,"275":6,"276":6,"278":6,"279":6,"282":6,"284":6,"285":6,"286":6,"287":6,"289":6,"308":2,"309":2,"310":2,"311":2,"314":2,"315":2,"318":2,"320":2,"328":9,"329":9,"330":9,"331":9,"332":9,"333":9},"path":"/home/work/workspace/mai-fund-protocol/contracts/trader/FundBase.sol","s":{"1":9,"2":7,"3":5,"4":5,"5":5,"6":5,"7":5,"8":5,"9":5,"10":14,"11":18,"12":18,"13":26,"14":24,"15":22,"16":22,"17":22,"18":22,"19":22,"20":22,"21":36,"22":34,"23":34,"24":32,"25":32,"26":32,"27":30,"28":30,"29":30,"30":30,"31":30,"32":30,"33":30,"34":30,"35":30,"36":30,"37":26,"38":22,"39":22,"40":18,"41":14,"42":8,"43":6,"44":14,"45":7,"46":7,"47":5,"48":3,"49":3,"50":0,"51":0,"52":0,"53":10,"54":6,"55":4,"56":2,"57":6,"58":6,"59":6,"60":6,"61":6,"62":6,"63":6,"64":6,"65":6,"66":6,"67":6,"68":6,"69":2,"70":2,"71":2,"72":2,"73":2,"74":2,"75":2,"76":2,"77":9,"78":9,"79":9,"80":9,"81":9,"82":9},"b":{"1":[20,0],"2":[20,0],"3":[7,2],"4":[5,2],"5":[24,2],"6":[22,2],"7":[34,2],"8":[32,2],"9":[30,2],"10":[30,0],"11":[30,0],"12":[22,4],"13":[22,0],"14":[18,4],"15":[8,6],"16":[7,0],"17":[5,2],"18":[3,2],"19":[6,4],"20":[4,2],"21":[6,0],"22":[6,0],"23":[2,0],"24":[2,0]},"f":{"1":9,"2":14,"3":18,"4":26,"5":36,"6":26,"7":7,"8":0,"9":10,"10":6,"11":2,"12":9},"fnMap":{"1":{"name":"initialize","line":74,"loc":{"start":{"line":64,"column":4},"end":{"line":87,"column":4}}},"2":{"name":"getLeverage","line":89,"loc":{"start":{"line":89,"column":4},"end":{"line":94,"column":4}}},"3":{"name":"getNetAssetValuePerShare","line":100,"loc":{"start":{"line":100,"column":4},"end":{"line":106,"column":4}}},"4":{"name":"create","line":118,"loc":{"start":{"line":113,"column":4},"end":{"line":131,"column":4}}},"5":{"name":"purchase","line":143,"loc":{"start":{"line":138,"column":4},"end":{"line":175,"column":4}}},"6":{"name":"redeem","line":187,"loc":{"start":{"line":183,"column":4},"end":{"line":202,"column":4}}},"7":{"name":"settle","line":212,"loc":{"start":{"line":208,"column":4},"end":{"line":222,"column":4}}},"8":{"name":"withdrawCollateral","line":231,"loc":{"start":{"line":228,"column":4},"end":{"line":236,"column":4}}},"9":{"name":"cancelRedeem","line":244,"loc":{"start":{"line":242,"column":4},"end":{"line":250,"column":4}}},"10":{"name":"bidRedeemingShare","line":270,"loc":{"start":{"line":261,"column":4},"end":{"line":290,"column":4}}},"11":{"name":"bidSettledShare","line":306,"loc":{"start":{"line":298,"column":4},"end":{"line":321,"column":4}}},"12":{"name":"_redeemImmediately","line":324,"loc":{"start":{"line":324,"column":4},"end":{"line":334,"column":4}}}},"statementMap":{"1":{"start":{"line":76,"column":8},"end":{"line":76,"column":68}},"2":{"start":{"line":77,"column":8},"end":{"line":77,"column":52}},"3":{"start":{"line":79,"column":8},"end":{"line":79,"column":41}},"4":{"start":{"line":80,"column":8},"end":{"line":80,"column":19}},"5":{"start":{"line":81,"column":8},"end":{"line":81,"column":23}},"6":{"start":{"line":82,"column":8},"end":{"line":82,"column":26}},"7":{"start":{"line":83,"column":8},"end":{"line":83,"column":27}},"8":{"start":{"line":85,"column":8},"end":{"line":85,"column":61}},"9":{"start":{"line":86,"column":8},"end":{"line":86,"column":65}},"10":{"start":{"line":93,"column":8},"end":{"line":93,"column":26}},"11":{"start":{"line":104,"column":8},"end":{"line":104,"column":73}},"12":{"start":{"line":105,"column":8},"end":{"line":105,"column":36}},"13":{"start":{"line":120,"column":8},"end":{"line":120,"column":70}},"14":{"start":{"line":121,"column":8},"end":{"line":121,"column":58}},"15":{"start":{"line":122,"column":8},"end":{"line":122,"column":75}},"16":{"start":{"line":124,"column":8},"end":{"line":124,"column":62}},"17":{"start":{"line":125,"column":8},"end":{"line":125,"column":53}},"18":{"start":{"line":127,"column":8},"end":{"line":127,"column":49}},"19":{"start":{"line":128,"column":8},"end":{"line":128,"column":47}},"20":{"start":{"line":130,"column":8},"end":{"line":130,"column":66}},"21":{"start":{"line":145,"column":8},"end":{"line":145,"column":77}},"22":{"start":{"line":146,"column":8},"end":{"line":146,"column":5119}},"23":{"start":{"line":150,"column":8},"end":{"line":150,"column":65}},"24":{"start":{"line":152,"column":8},"end":{"line":152,"column":72}},"25":{"start":{"line":153,"column":8},"end":{"line":153,"column":73}},"26":{"start":{"line":154,"column":8},"end":{"line":154,"column":5430}},"27":{"start":{"line":159,"column":8},"end":{"line":159,"column":84}},"28":{"start":{"line":160,"column":8},"end":{"line":160,"column":97}},"29":{"start":{"line":161,"column":8},"end":{"line":161,"column":88}},"30":{"start":{"line":163,"column":8},"end":{"line":163,"column":67}},"31":{"start":{"line":164,"column":8},"end":{"line":164,"column":103}},"32":{"start":{"line":167,"column":8},"end":{"line":167,"column":58}},"33":{"start":{"line":168,"column":8},"end":{"line":168,"column":49}},"34":{"start":{"line":170,"column":8},"end":{"line":170,"column":49}},"35":{"start":{"line":172,"column":8},"end":{"line":172,"column":81}},"36":{"start":{"line":174,"column":8},"end":{"line":174,"column":69}},"37":{"start":{"line":192,"column":8},"end":{"line":192,"column":70}},"38":{"start":{"line":193,"column":8},"end":{"line":193,"column":84}},"39":{"start":{"line":194,"column":8},"end":{"line":194,"column":59}},"40":{"start":{"line":195,"column":8},"end":{"line":195,"column":50}},"41":{"start":{"line":196,"column":8},"end":{"line":196,"column":7499}},"42":{"start":{"line":197,"column":12},"end":{"line":197,"column":66}},"43":{"start":{"line":199,"column":12},"end":{"line":199,"column":54}},"44":{"start":{"line":201,"column":8},"end":{"line":201,"column":54}},"45":{"start":{"line":217,"column":8},"end":{"line":217,"column":70}},"46":{"start":{"line":218,"column":8},"end":{"line":218,"column":84}},"47":{"start":{"line":219,"column":8},"end":{"line":219,"column":69}},"48":{"start":{"line":220,"column":8},"end":{"line":220,"column":50}},"49":{"start":{"line":221,"column":8},"end":{"line":221,"column":44}},"50":{"start":{"line":233,"column":8},"end":{"line":233,"column":68}},"51":{"start":{"line":234,"column":8},"end":{"line":234,"column":67}},"52":{"start":{"line":235,"column":8},"end":{"line":235,"column":51}},"53":{"start":{"line":246,"column":8},"end":{"line":246,"column":70}},"54":{"start":{"line":247,"column":8},"end":{"line":247,"column":72}},"55":{"start":{"line":248,"column":8},"end":{"line":248,"column":62}},"56":{"start":{"line":249,"column":8},"end":{"line":249,"column":50}},"57":{"start":{"line":272,"column":8},"end":{"line":272,"column":70}},"58":{"start":{"line":273,"column":8},"end":{"line":273,"column":87}},"59":{"start":{"line":275,"column":8},"end":{"line":275,"column":71}},"60":{"start":{"line":276,"column":8},"end":{"line":276,"column":61}},"61":{"start":{"line":278,"column":8},"end":{"line":278,"column":54}},"62":{"start":{"line":279,"column":8},"end":{"line":279,"column":81}},"63":{"start":{"line":282,"column":8},"end":{"line":282,"column":101}},"64":{"start":{"line":284,"column":8},"end":{"line":284,"column":55}},"65":{"start":{"line":285,"column":8},"end":{"line":285,"column":66}},"66":{"start":{"line":286,"column":8},"end":{"line":286,"column":58}},"67":{"start":{"line":287,"column":8},"end":{"line":287,"column":45}},"68":{"start":{"line":289,"column":8},"end":{"line":289,"column":64}},"69":{"start":{"line":308,"column":8},"end":{"line":308,"column":33}},"70":{"start":{"line":309,"column":8},"end":{"line":309,"column":70}},"71":{"start":{"line":310,"column":8},"end":{"line":310,"column":67}},"72":{"start":{"line":311,"column":8},"end":{"line":311,"column":82}},"73":{"start":{"line":314,"column":8},"end":{"line":314,"column":55}},"74":{"start":{"line":315,"column":8},"end":{"line":315,"column":81}},"75":{"start":{"line":318,"column":8},"end":{"line":318,"column":59}},"76":{"start":{"line":320,"column":8},"end":{"line":320,"column":69}},"77":{"start":{"line":328,"column":8},"end":{"line":328,"column":68}},"78":{"start":{"line":329,"column":8},"end":{"line":329,"column":61}},"79":{"start":{"line":330,"column":8},"end":{"line":330,"column":74}},"80":{"start":{"line":331,"column":8},"end":{"line":331,"column":46}},"81":{"start":{"line":332,"column":8},"end":{"line":332,"column":55}},"82":{"start":{"line":333,"column":8},"end":{"line":333,"column":66}}},"branchMap":{"1":{"line":49,"type":"if","locations":[{"start":{"line":49,"column":8},"end":{"line":49,"column":8}},{"start":{"line":49,"column":8},"end":{"line":49,"column":8}}]},"2":{"line":50,"type":"if","locations":[{"start":{"line":50,"column":8},"end":{"line":50,"column":8}},{"start":{"line":50,"column":8},"end":{"line":50,"column":8}}]},"3":{"line":76,"type":"if","locations":[{"start":{"line":76,"column":8},"end":{"line":76,"column":8}},{"start":{"line":76,"column":8},"end":{"line":76,"column":8}}]},"4":{"line":77,"type":"if","locations":[{"start":{"line":77,"column":8},"end":{"line":77,"column":8}},{"start":{"line":77,"column":8},"end":{"line":77,"column":8}}]},"5":{"line":120,"type":"if","locations":[{"start":{"line":120,"column":8},"end":{"line":120,"column":8}},{"start":{"line":120,"column":8},"end":{"line":120,"column":8}}]},"6":{"line":121,"type":"if","locations":[{"start":{"line":121,"column":8},"end":{"line":121,"column":8}},{"start":{"line":121,"column":8},"end":{"line":121,"column":8}}]},"7":{"line":145,"type":"if","locations":[{"start":{"line":145,"column":8},"end":{"line":145,"column":8}},{"start":{"line":145,"column":8},"end":{"line":145,"column":8}}]},"8":{"line":150,"type":"if","locations":[{"start":{"line":150,"column":8},"end":{"line":150,"column":8}},{"start":{"line":150,"column":8},"end":{"line":150,"column":8}}]},"9":{"line":154,"type":"if","locations":[{"start":{"line":154,"column":8},"end":{"line":154,"column":8}},{"start":{"line":154,"column":8},"end":{"line":154,"column":8}}]},"10":{"line":161,"type":"if","locations":[{"start":{"line":161,"column":8},"end":{"line":161,"column":8}},{"start":{"line":161,"column":8},"end":{"line":161,"column":8}}]},"11":{"line":164,"type":"if","locations":[{"start":{"line":164,"column":8},"end":{"line":164,"column":8}},{"start":{"line":164,"column":8},"end":{"line":164,"column":8}}]},"12":{"line":192,"type":"if","locations":[{"start":{"line":192,"column":8},"end":{"line":192,"column":8}},{"start":{"line":192,"column":8},"end":{"line":192,"column":8}}]},"13":{"line":193,"type":"if","locations":[{"start":{"line":193,"column":8},"end":{"line":193,"column":8}},{"start":{"line":193,"column":8},"end":{"line":193,"column":8}}]},"14":{"line":194,"type":"if","locations":[{"start":{"line":194,"column":8},"end":{"line":194,"column":8}},{"start":{"line":194,"column":8},"end":{"line":194,"column":8}}]},"15":{"line":196,"type":"if","locations":[{"start":{"line":196,"column":8},"end":{"line":196,"column":8}},{"start":{"line":196,"column":8},"end":{"line":196,"column":8}}]},"16":{"line":217,"type":"if","locations":[{"start":{"line":217,"column":8},"end":{"line":217,"column":8}},{"start":{"line":217,"column":8},"end":{"line":217,"column":8}}]},"17":{"line":218,"type":"if","locations":[{"start":{"line":218,"column":8},"end":{"line":218,"column":8}},{"start":{"line":218,"column":8},"end":{"line":218,"column":8}}]},"18":{"line":219,"type":"if","locations":[{"start":{"line":219,"column":8},"end":{"line":219,"column":8}},{"start":{"line":219,"column":8},"end":{"line":219,"column":8}}]},"19":{"line":246,"type":"if","locations":[{"start":{"line":246,"column":8},"end":{"line":246,"column":8}},{"start":{"line":246,"column":8},"end":{"line":246,"column":8}}]},"20":{"line":247,"type":"if","locations":[{"start":{"line":247,"column":8},"end":{"line":247,"column":8}},{"start":{"line":247,"column":8},"end":{"line":247,"column":8}}]},"21":{"line":272,"type":"if","locations":[{"start":{"line":272,"column":8},"end":{"line":272,"column":8}},{"start":{"line":272,"column":8},"end":{"line":272,"column":8}}]},"22":{"line":273,"type":"if","locations":[{"start":{"line":273,"column":8},"end":{"line":273,"column":8}},{"start":{"line":273,"column":8},"end":{"line":273,"column":8}}]},"23":{"line":309,"type":"if","locations":[{"start":{"line":309,"column":8},"end":{"line":309,"column":8}},{"start":{"line":309,"column":8},"end":{"line":309,"column":8}}]},"24":{"line":311,"type":"if","locations":[{"start":{"line":311,"column":8},"end":{"line":311,"column":8}},{"start":{"line":311,"column":8},"end":{"line":311,"column":8}}]}}},"contracts/trader/FundManagement.sol":{"l":{"35":49,"36":45,"45":46,"54":29,"55":4,"57":5,"59":5,"61":3,"63":7,"65":3,"68":0,"70":2,"72":27,"83":1,"84":1,"85":1,"97":14,"108":0,"116":0,"126":3,"130":1,"140":1,"155":10,"156":10,"157":2,"159":8,"160":8,"161":1,"163":7,"174":8,"177":6,"180":6,"182":6,"184":6,"186":6},"path":"/home/work/workspace/mai-fund-protocol/contracts/trader/FundManagement.sol","s":{"1":49,"2":46,"3":29,"4":4,"5":25,"6":5,"7":20,"8":5,"9":15,"10":3,"11":12,"12":7,"13":5,"14":3,"15":2,"16":0,"17":2,"18":27,"19":1,"20":1,"21":1,"22":14,"23":0,"24":0,"25":3,"26":1,"27":1,"28":10,"29":10,"30":2,"31":8,"32":8,"33":1,"34":7,"35":8,"36":6,"37":6,"38":6,"39":6,"40":6},"b":{"1":[45,4],"2":[4,25],"3":[5,20],"4":[5,15],"5":[3,12],"6":[7,5],"7":[3,2],"8":[0,2],"9":[1,0],"10":[1,2],"11":[2,8],"12":[1,7],"13":[6,2]},"f":{"1":49,"2":46,"3":29,"4":1,"5":14,"6":0,"7":0,"8":3,"9":1,"10":10,"11":8},"fnMap":{"1":{"name":"onlyAdministrator","line":34,"loc":{"start":{"line":34,"column":4},"end":{"line":37,"column":4}}},"2":{"name":"administrator","line":39,"loc":{"start":{"line":39,"column":4},"end":{"line":46,"column":4}}},"3":{"name":"setConfigurationEntry","line":53,"loc":{"start":{"line":53,"column":4},"end":{"line":73,"column":4}}},"4":{"name":"setManager","line":81,"loc":{"start":{"line":79,"column":4},"end":{"line":86,"column":4}}},"5":{"name":"setDelegator","line":95,"loc":{"start":{"line":93,"column":4},"end":{"line":98,"column":4}}},"6":{"name":"unsetDelegator","line":106,"loc":{"start":{"line":104,"column":4},"end":{"line":109,"column":4}}},"7":{"name":"approvePerpetual","line":113,"loc":{"start":{"line":111,"column":4},"end":{"line":117,"column":4}}},"8":{"name":"pause","line":124,"loc":{"start":{"line":122,"column":4},"end":{"line":131,"column":4}}},"9":{"name":"unpause","line":138,"loc":{"start":{"line":136,"column":4},"end":{"line":141,"column":4}}},"10":{"name":"canShutdown","line":151,"loc":{"start":{"line":151,"column":4},"end":{"line":164,"column":4}}},"11":{"name":"shutdown","line":172,"loc":{"start":{"line":170,"column":4},"end":{"line":187,"column":4}}}},"statementMap":{"1":{"start":{"line":35,"column":8},"end":{"line":35,"column":77}},"2":{"start":{"line":45,"column":8},"end":{"line":45,"column":58}},"3":{"start":{"line":54,"column":8},"end":{"line":54,"column":1486}},"4":{"start":{"line":55,"column":12},"end":{"line":55,"column":50}},"5":{"start":{"line":56,"column":15},"end":{"line":56,"column":1590}},"6":{"start":{"line":57,"column":12},"end":{"line":57,"column":52}},"7":{"start":{"line":58,"column":15},"end":{"line":58,"column":1698}},"8":{"start":{"line":59,"column":12},"end":{"line":59,"column":52}},"9":{"start":{"line":60,"column":15},"end":{"line":60,"column":1806}},"10":{"start":{"line":61,"column":12},"end":{"line":61,"column":46}},"11":{"start":{"line":62,"column":15},"end":{"line":62,"column":1902}},"12":{"start":{"line":63,"column":12},"end":{"line":63,"column":47}},"13":{"start":{"line":64,"column":15},"end":{"line":64,"column":2000}},"14":{"start":{"line":65,"column":12},"end":{"line":65,"column":49}},"15":{"start":{"line":66,"column":15},"end":{"line":66,"column":2102}},"16":{"start":{"line":68,"column":12},"end":{"line":68,"column":56}},"17":{"start":{"line":70,"column":12},"end":{"line":70,"column":37}},"18":{"start":{"line":72,"column":8},"end":{"line":72,"column":46}},"19":{"start":{"line":83,"column":8},"end":{"line":83,"column":54}},"20":{"start":{"line":84,"column":8},"end":{"line":84,"column":42}},"21":{"start":{"line":85,"column":8},"end":{"line":85,"column":25}},"22":{"start":{"line":97,"column":8},"end":{"line":97,"column":70}},"23":{"start":{"line":108,"column":8},"end":{"line":108,"column":62}},"24":{"start":{"line":116,"column":8},"end":{"line":116,"column":32}},"25":{"start":{"line":126,"column":8},"end":{"line":126,"column":3663}},"26":{"start":{"line":130,"column":8},"end":{"line":130,"column":15}},"27":{"start":{"line":140,"column":8},"end":{"line":140,"column":17}},"28":{"start":{"line":155,"column":8},"end":{"line":155,"column":41}},"29":{"start":{"line":156,"column":8},"end":{"line":156,"column":4405}},"30":{"start":{"line":157,"column":12},"end":{"line":157,"column":23}},"31":{"start":{"line":159,"column":8},"end":{"line":159,"column":56}},"32":{"start":{"line":160,"column":8},"end":{"line":160,"column":4551}},"33":{"start":{"line":161,"column":12},"end":{"line":161,"column":23}},"34":{"start":{"line":163,"column":8},"end":{"line":163,"column":20}},"35":{"start":{"line":174,"column":8},"end":{"line":174,"column":113}},"36":{"start":{"line":177,"column":8},"end":{"line":177,"column":85}},"37":{"start":{"line":180,"column":8},"end":{"line":180,"column":50}},"38":{"start":{"line":182,"column":8},"end":{"line":182,"column":49}},"39":{"start":{"line":184,"column":8},"end":{"line":184,"column":14}},"40":{"start":{"line":186,"column":8},"end":{"line":186,"column":35}}},"branchMap":{"1":{"line":35,"type":"if","locations":[{"start":{"line":35,"column":8},"end":{"line":35,"column":8}},{"start":{"line":35,"column":8},"end":{"line":35,"column":8}}]},"2":{"line":54,"type":"if","locations":[{"start":{"line":54,"column":8},"end":{"line":54,"column":8}},{"start":{"line":54,"column":8},"end":{"line":54,"column":8}}]},"3":{"line":56,"type":"if","locations":[{"start":{"line":56,"column":15},"end":{"line":56,"column":15}},{"start":{"line":56,"column":15},"end":{"line":56,"column":15}}]},"4":{"line":58,"type":"if","locations":[{"start":{"line":58,"column":15},"end":{"line":58,"column":15}},{"start":{"line":58,"column":15},"end":{"line":58,"column":15}}]},"5":{"line":60,"type":"if","locations":[{"start":{"line":60,"column":15},"end":{"line":60,"column":15}},{"start":{"line":60,"column":15},"end":{"line":60,"column":15}}]},"6":{"line":62,"type":"if","locations":[{"start":{"line":62,"column":15},"end":{"line":62,"column":15}},{"start":{"line":62,"column":15},"end":{"line":62,"column":15}}]},"7":{"line":64,"type":"if","locations":[{"start":{"line":64,"column":15},"end":{"line":64,"column":15}},{"start":{"line":64,"column":15},"end":{"line":64,"column":15}}]},"8":{"line":66,"type":"if","locations":[{"start":{"line":66,"column":15},"end":{"line":66,"column":15}},{"start":{"line":66,"column":15},"end":{"line":66,"column":15}}]},"9":{"line":83,"type":"if","locations":[{"start":{"line":83,"column":8},"end":{"line":83,"column":8}},{"start":{"line":83,"column":8},"end":{"line":83,"column":8}}]},"10":{"line":126,"type":"if","locations":[{"start":{"line":126,"column":8},"end":{"line":126,"column":8}},{"start":{"line":126,"column":8},"end":{"line":126,"column":8}}]},"11":{"line":156,"type":"if","locations":[{"start":{"line":156,"column":8},"end":{"line":156,"column":8}},{"start":{"line":156,"column":8},"end":{"line":156,"column":8}}]},"12":{"line":160,"type":"if","locations":[{"start":{"line":160,"column":8},"end":{"line":160,"column":8}},{"start":{"line":160,"column":8},"end":{"line":160,"column":8}}]},"13":{"line":174,"type":"if","locations":[{"start":{"line":174,"column":8},"end":{"line":174,"column":8}},{"start":{"line":174,"column":8},"end":{"line":174,"column":8}}]}}},"contracts/trader/robot/AutoTraderFund.sol":{"l":{"39":11,"40":11,"41":11,"49":13,"50":11,"51":9,"55":9,"56":9,"58":7,"59":7,"60":7,"61":7,"74":13,"75":13,"77":13,"78":13,"80":13,"81":13,"82":13,"92":13,"93":13,"94":13,"95":1,"97":12,"106":13,"107":13,"108":13,"115":24,"117":24,"118":24,"120":0},"path":"/home/work/workspace/mai-fund-protocol/contracts/trader/robot/AutoTraderFund.sol","s":{"1":11,"2":11,"3":11,"4":13,"5":11,"6":9,"7":9,"8":9,"9":7,"10":7,"11":7,"12":7,"13":13,"14":13,"15":13,"16":13,"17":13,"18":13,"19":13,"20":13,"21":13,"22":13,"23":1,"24":12,"25":13,"26":13,"27":13,"28":24,"29":24,"30":24,"31":0},"b":{"1":[11,2],"2":[9,2],"3":[9,0],"4":[7,2],"5":[13,0],"6":[1,12],"7":[24,0]},"f":{"1":11,"2":13,"3":13,"4":13,"5":24},"fnMap":{"1":{"name":"needRebalancing","line":38,"loc":{"start":{"line":38,"column":4},"end":{"line":42,"column":4}}},"2":{"name":"rebalance","line":47,"loc":{"start":{"line":44,"column":4},"end":{"line":68,"column":4}}},"3":{"name":"calculateRebalancingTarget","line":70,"loc":{"start":{"line":70,"column":4},"end":{"line":99,"column":4}}},"4":{"name":"_signedSize","line":101,"loc":{"start":{"line":101,"column":4},"end":{"line":109,"column":4}}},"5":{"name":"_nextTarget","line":111,"loc":{"start":{"line":111,"column":4},"end":{"line":121,"column":4}}}},"statementMap":{"1":{"start":{"line":39,"column":8},"end":{"line":39,"column":41}},"2":{"start":{"line":40,"column":8},"end":{"line":40,"column":44}},"3":{"start":{"line":41,"column":8},"end":{"line":41,"column":88}},"4":{"start":{"line":49,"column":8},"end":{"line":49,"column":76}},"5":{"start":{"line":50,"column":8},"end":{"line":50,"column":57}},"6":{"start":{"line":51,"column":8},"end":{"line":51,"column":1577}},"7":{"start":{"line":55,"column":8},"end":{"line":55,"column":102}},"8":{"start":{"line":56,"column":8},"end":{"line":56,"column":58}},"9":{"start":{"line":58,"column":8},"end":{"line":58,"column":88}},"10":{"start":{"line":59,"column":8},"end":{"line":59,"column":78}},"11":{"start":{"line":60,"column":8},"end":{"line":60,"column":71}},"12":{"start":{"line":61,"column":8},"end":{"line":61,"column":2089}},"13":{"start":{"line":74,"column":8},"end":{"line":74,"column":50}},"14":{"start":{"line":75,"column":8},"end":{"line":75,"column":56}},"15":{"start":{"line":77,"column":8},"end":{"line":77,"column":41}},"16":{"start":{"line":78,"column":8},"end":{"line":78,"column":41}},"17":{"start":{"line":80,"column":8},"end":{"line":80,"column":58}},"18":{"start":{"line":81,"column":8},"end":{"line":81,"column":80}},"19":{"start":{"line":82,"column":8},"end":{"line":82,"column":78}},"20":{"start":{"line":92,"column":8},"end":{"line":92,"column":52}},"21":{"start":{"line":93,"column":8},"end":{"line":93,"column":40}},"22":{"start":{"line":94,"column":8},"end":{"line":94,"column":3476}},"23":{"start":{"line":95,"column":12},"end":{"line":95,"column":36}},"24":{"start":{"line":97,"column":12},"end":{"line":97,"column":69}},"25":{"start":{"line":106,"column":8},"end":{"line":106,"column":74}},"26":{"start":{"line":107,"column":8},"end":{"line":107,"column":55}},"27":{"start":{"line":108,"column":8},"end":{"line":108,"column":78}},"28":{"start":{"line":115,"column":8},"end":{"line":115,"column":70}},"29":{"start":{"line":117,"column":8},"end":{"line":117,"column":4131}},"30":{"start":{"line":118,"column":12},"end":{"line":118,"column":35}},"31":{"start":{"line":120,"column":8},"end":{"line":120,"column":25}}},"branchMap":{"1":{"line":49,"type":"if","locations":[{"start":{"line":49,"column":8},"end":{"line":49,"column":8}},{"start":{"line":49,"column":8},"end":{"line":49,"column":8}}]},"2":{"line":50,"type":"if","locations":[{"start":{"line":50,"column":8},"end":{"line":50,"column":8}},{"start":{"line":50,"column":8},"end":{"line":50,"column":8}}]},"3":{"line":55,"type":"if","locations":[{"start":{"line":55,"column":8},"end":{"line":55,"column":8}},{"start":{"line":55,"column":8},"end":{"line":55,"column":8}}]},"4":{"line":56,"type":"if","locations":[{"start":{"line":56,"column":8},"end":{"line":56,"column":8}},{"start":{"line":56,"column":8},"end":{"line":56,"column":8}}]},"5":{"line":75,"type":"if","locations":[{"start":{"line":75,"column":8},"end":{"line":75,"column":8}},{"start":{"line":75,"column":8},"end":{"line":75,"column":8}}]},"6":{"line":94,"type":"if","locations":[{"start":{"line":94,"column":8},"end":{"line":94,"column":8}},{"start":{"line":94,"column":8},"end":{"line":94,"column":8}}]},"7":{"line":117,"type":"if","locations":[{"start":{"line":117,"column":8},"end":{"line":117,"column":8}},{"start":{"line":117,"column":8},"end":{"line":117,"column":8}}]}}},"contracts/trader/social/SocialTraderFund.sol":{"l":{"24":25,"25":25,"37":5,"38":5,"39":5,"40":5,"41":5,"42":5,"43":5,"53":5,"62":10,"63":6,"65":4,"66":4},"path":"/home/work/workspace/mai-fund-protocol/contracts/trader/social/SocialTraderFund.sol","s":{"1":25,"2":25,"3":5,"4":5,"5":5,"6":5,"7":5,"8":5,"9":5,"10":5,"11":10,"12":6,"13":4,"14":4},"b":{"1":[5,0],"2":[5,0],"3":[6,4]},"f":{"1":25,"2":5,"3":5,"4":10},"fnMap":{"1":{"name":"incentiveFee","line":20,"loc":{"start":{"line":20,"column":4},"end":{"line":26,"column":4}}},"2":{"name":"withdrawIncentiveFee","line":35,"loc":{"start":{"line":32,"column":4},"end":{"line":44,"column":4}}},"3":{"name":"claimIncentiveFee","line":51,"loc":{"start":{"line":49,"column":4},"end":{"line":54,"column":4}}},"4":{"name":"_claimIncentiveFee","line":59,"loc":{"start":{"line":59,"column":4},"end":{"line":67,"column":4}}}},"statementMap":{"1":{"start":{"line":24,"column":8},"end":{"line":24,"column":44}},"2":{"start":{"line":25,"column":8},"end":{"line":25,"column":48}},"3":{"start":{"line":37,"column":8},"end":{"line":37,"column":27}},"4":{"start":{"line":38,"column":8},"end":{"line":38,"column":59}},"5":{"start":{"line":39,"column":8},"end":{"line":39,"column":84}},"6":{"start":{"line":40,"column":8},"end":{"line":40,"column":64}},"7":{"start":{"line":41,"column":8},"end":{"line":41,"column":53}},"8":{"start":{"line":42,"column":8},"end":{"line":42,"column":65}},"9":{"start":{"line":43,"column":8},"end":{"line":43,"column":61}},"10":{"start":{"line":53,"column":8},"end":{"line":53,"column":27}},"11":{"start":{"line":62,"column":8},"end":{"line":62,"column":1804}},"12":{"start":{"line":63,"column":12},"end":{"line":63,"column":18}},"13":{"start":{"line":65,"column":8},"end":{"line":65,"column":69}},"14":{"start":{"line":66,"column":8},"end":{"line":66,"column":61}}},"branchMap":{"1":{"line":38,"type":"if","locations":[{"start":{"line":38,"column":8},"end":{"line":38,"column":8}},{"start":{"line":38,"column":8},"end":{"line":38,"column":8}}]},"2":{"line":39,"type":"if","locations":[{"start":{"line":39,"column":8},"end":{"line":39,"column":8}},{"start":{"line":39,"column":8},"end":{"line":39,"column":8}}]},"3":{"line":62,"type":"if","locations":[{"start":{"line":62,"column":8},"end":{"line":62,"column":8}},{"start":{"line":62,"column":8},"end":{"line":62,"column":8}}]}}}}